app/build/intermediates/manifest_merge_blame_file/debug/processDebugMainManifest/manifest-merger-blame-debug-report.txt
1<?xml version="1.0" encoding="utf-8"?>
2<manifest xmlns:android="http://schemas.android.com/apk/res/android"
3    package="com.fabrice.droidclean"
4    android:versionCode="2"
5    android:versionName="1.0.1" >
6
7    <uses-sdk
8        android:minSdkVersion="26"
9        android:targetSdkVersion="35" />
10
11    <uses-permission
11-->src/main/AndroidManifest.xml:5:5-6:38
12        android:name="android.permission.WRITE_EXTERNAL_STORAGE"
12-->src/main/AndroidManifest.xml:5:22-78
13        android:maxSdkVersion="28" />
13-->src/main/AndroidManifest.xml:6:9-35
14    <uses-permission
14-->src/main/AndroidManifest.xml:7:5-8:38
15        android:name="android.permission.READ_EXTERNAL_STORAGE"
15-->src/main/AndroidManifest.xml:7:22-77
16        android:maxSdkVersion="32" />
16-->src/main/AndroidManifest.xml:8:9-35
17    <uses-permission android:name="android.permission.READ_MEDIA_IMAGES" />
17-->src/main/AndroidManifest.xml:9:5-76
17-->src/main/AndroidManifest.xml:9:22-73
18    <uses-permission android:name="android.permission.READ_MEDIA_VIDEO" />
18-->src/main/AndroidManifest.xml:10:5-75
18-->src/main/AndroidManifest.xml:10:22-72
19    <uses-permission android:name="android.permission.READ_MEDIA_AUDIO" />
19-->src/main/AndroidManifest.xml:11:5-75
19-->src/main/AndroidManifest.xml:11:22-72
20    <uses-permission android:name="android.permission.KILL_BACKGROUND_PROCESSES" />
20-->src/main/AndroidManifest.xml:12:5-13:47
20-->src/main/AndroidManifest.xml:12:22-81
21    <uses-permission android:name="android.permission.PACKAGE_USAGE_STATS" />
21-->src/main/AndroidManifest.xml:14:5-15:47
21-->src/main/AndroidManifest.xml:14:22-75
22    <uses-permission android:name="android.permission.REQUEST_INSTALL_PACKAGES" />
22-->src/main/AndroidManifest.xml:16:5-83
22-->src/main/AndroidManifest.xml:16:22-80
23
24    <permission
24-->[androidx.core:core:1.15.0] AndroidManifest.xml:22:5-24:47
25        android:name="com.fabrice.droidclean.DYNAMIC_RECEIVER_NOT_EXPORTED_PERMISSION"
25-->[androidx.core:core:1.15.0] AndroidManifest.xml:23:9-81
26        android:protectionLevel="signature" />
26-->[androidx.core:core:1.15.0] AndroidManifest.xml:24:9-44
27
28    <uses-permission android:name="com.fabrice.droidclean.DYNAMIC_RECEIVER_NOT_EXPORTED_PERMISSION" />
28-->[androidx.core:core:1.15.0] AndroidManifest.xml:26:5-97
28-->[androidx.core:core:1.15.0] AndroidManifest.xml:26:22-94
29
30    <application
30-->src/main/AndroidManifest.xml:18:5-53:19
31        android:allowBackup="true"
31-->src/main/AndroidManifest.xml:19:9-35
32        android:appComponentFactory="androidx.core.app.CoreComponentFactory"
32-->[androidx.core:core:1.15.0] AndroidManifest.xml:28:18-86
33        android:debuggable="true"
34        android:extractNativeLibs="false"
35        android:icon="@android:drawable/ic_menu_delete"
35-->src/main/AndroidManifest.xml:20:9-56
36        android:label="DroidClean"
36-->src/main/AndroidManifest.xml:21:9-35
37        android:supportsRtl="true"
37-->src/main/AndroidManifest.xml:22:9-35
38        android:theme="@style/Theme.DroidClean" >
38-->src/main/AndroidManifest.xml:23:9-48
39        <activity
39-->src/main/AndroidManifest.xml:26:9-34:20
40            android:name="com.fabrice.droidclean.MainActivity"
40-->src/main/AndroidManifest.xml:27:13-41
41            android:exported="true"
41-->src/main/AndroidManifest.xml:28:13-36
42            android:screenOrientation="portrait" >
42-->src/main/AndroidManifest.xml:29:13-49
43            <intent-filter>
43-->src/main/AndroidManifest.xml:30:13-33:29
44                <action android:name="android.intent.action.MAIN" />
44-->src/main/AndroidManifest.xml:31:17-69
44-->src/main/AndroidManifest.xml:31:25-66
45
46                <category android:name="android.intent.category.LAUNCHER" />
46-->src/main/AndroidManifest.xml:32:17-77
46-->src/main/AndroidManifest.xml:32:27-74
47            </intent-filter>
48        </activity>
49
50        <receiver
50-->src/main/AndroidManifest.xml:35:9-41:20
51            android:name="com.fabrice.droidclean.update.UpdateReceiver"
51-->src/main/AndroidManifest.xml:36:13-50
52            android:exported="false" >
52-->src/main/AndroidManifest.xml:37:13-37
53            <intent-filter>
53-->src/main/AndroidManifest.xml:38:13-40:29
54                <action android:name="android.intent.action.DOWNLOAD_COMPLETE" />
54-->src/main/AndroidManifest.xml:39:17-82
54-->src/main/AndroidManifest.xml:39:25-79
55            </intent-filter>
56        </receiver>
57
58        <provider
59            android:name="androidx.core.content.FileProvider"
59-->src/main/AndroidManifest.xml:44:13-62
60            android:authorities="com.fabrice.droidclean.fileprovider"
60-->src/main/AndroidManifest.xml:45:13-64
61            android:exported="false"
61-->src/main/AndroidManifest.xml:46:13-37
62            android:grantUriPermissions="true" >
62-->src/main/AndroidManifest.xml:47:13-47
63            <meta-data
63-->src/main/AndroidManifest.xml:48:13-50:54
64                android:name="android.support.FILE_PROVIDER_PATHS"
64-->src/main/AndroidManifest.xml:49:17-67
65                android:resource="@xml/file_paths" />
65-->src/main/AndroidManifest.xml:50:17-51
66        </provider>
67        <provider
67-->[androidx.emoji2:emoji2:1.3.0] AndroidManifest.xml:24:9-32:20
68            android:name="androidx.startup.InitializationProvider"
68-->[androidx.emoji2:emoji2:1.3.0] AndroidManifest.xml:25:13-67
69            android:authorities="com.fabrice.droidclean.androidx-startup"
69-->[androidx.emoji2:emoji2:1.3.0] AndroidManifest.xml:26:13-68
70            android:exported="false" >
70-->[androidx.emoji2:emoji2:1.3.0] AndroidManifest.xml:27:13-37
71            <meta-data
71-->[androidx.emoji2:emoji2:1.3.0] AndroidManifest.xml:29:13-31:52
72                android:name="androidx.emoji2.text.EmojiCompatInitializer"
72-->[androidx.emoji2:emoji2:1.3.0] AndroidManifest.xml:30:17-75
73                android:value="androidx.startup" />
73-->[androidx.emoji2:emoji2:1.3.0] AndroidManifest.xml:31:17-49
74            <meta-data
74-->[androidx.lifecycle:lifecycle-process:2.8.7] AndroidManifest.xml:29:13-31:52
75                android:name="androidx.lifecycle.ProcessLifecycleInitializer"
75-->[androidx.lifecycle:lifecycle-process:2.8.7] AndroidManifest.xml:30:17-78
76                android:value="androidx.startup" />
76-->[androidx.lifecycle:lifecycle-process:2.8.7] AndroidManifest.xml:31:17-49
77            <meta-data
77-->[androidx.profileinstaller:profileinstaller:1.4.0] AndroidManifest.xml:29:13-31:52
78                android:name="androidx.profileinstaller.ProfileInstallerInitializer"
78-->[androidx.profileinstaller:profileinstaller:1.4.0] AndroidManifest.xml:30:17-85
79                android:value="androidx.startup" />
79-->[androidx.profileinstaller:profileinstaller:1.4.0] AndroidManifest.xml:31:17-49
80        </provider>
81
82        <receiver
82-->[androidx.profileinstaller:profileinstaller:1.4.0] AndroidManifest.xml:34:9-52:20
83            android:name="androidx.profileinstaller.ProfileInstallReceiver"
83-->[androidx.profileinstaller:profileinstaller:1.4.0] AndroidManifest.xml:35:13-76
84            android:directBootAware="false"
84-->[androidx.profileinstaller:profileinstaller:1.4.0] AndroidManifest.xml:36:13-44
85            android:enabled="true"
85-->[androidx.profileinstaller:profileinstaller:1.4.0] AndroidManifest.xml:37:13-35
86            android:exported="true"
86-->[androidx.profileinstaller:profileinstaller:1.4.0] AndroidManifest.xml:38:13-36
87            android:permission="android.permission.DUMP" >
87-->[androidx.profileinstaller:profileinstaller:1.4.0] AndroidManifest.xml:39:13-57
88            <intent-filter>
88-->[androidx.profileinstaller:profileinstaller:1.4.0] AndroidManifest.xml:40:13-42:29
89                <action android:name="androidx.profileinstaller.action.INSTALL_PROFILE" />
89-->[androidx.profileinstaller:profileinstaller:1.4.0] AndroidManifest.xml:41:17-91
89-->[androidx.profileinstaller:profileinstaller:1.4.0] AndroidManifest.xml:41:25-88
90            </intent-filter>
91            <intent-filter>
91-->[androidx.profileinstaller:profileinstaller:1.4.0] AndroidManifest.xml:43:13-45:29
92                <action android:name="androidx.profileinstaller.action.SKIP_FILE" />
92-->[androidx.profileinstaller:profileinstaller:1.4.0] AndroidManifest.xml:44:17-85
92-->[androidx.profileinstaller:profileinstaller:1.4.0] AndroidManifest.xml:44:25-82
93            </intent-filter>
94            <intent-filter>
94-->[androidx.profileinstaller:profileinstaller:1.4.0] AndroidManifest.xml:46:13-48:29
95                <action android:name="androidx.profileinstaller.action.SAVE_PROFILE" />
95-->[androidx.profileinstaller:profileinstaller:1.4.0] AndroidManifest.xml:47:17-88
95-->[androidx.profileinstaller:profileinstaller:1.4.0] AndroidManifest.xml:47:25-85
96            </intent-filter>
97            <intent-filter>
97-->[androidx.profileinstaller:profileinstaller:1.4.0] AndroidManifest.xml:49:13-51:29
98                <action android:name="androidx.profileinstaller.action.BENCHMARK_OPERATION" />
98-->[androidx.profileinstaller:profileinstaller:1.4.0] AndroidManifest.xml:50:17-95
98-->[androidx.profileinstaller:profileinstaller:1.4.0] AndroidManifest.xml:50:25-92
99            </intent-filter>
100        </receiver>
101    </application>
102
103</manifest>